<?xml version="1.0" encoding="UTF-8"?>
<testsuite name="Inventory Tests" tests="4" skipped="0" failures="0" errors="0" timestamp="2025-03-10T21:30:40" hostname="pconde.local" time="7.131">
  <properties/>
  <testcase name="TC-0007 | Verify sorting options by Name (Z to A)" classname="InventoryTests" time="5.455"/>
  <testcase name="TC-0006 | Verify sorting options by Name (A to Z)" classname="InventoryTests" time="5.455"/>
  <testcase name="TC-0005 | Verify sorting options by Price (high to low)" classname="InventoryTests" time="5.574"/>
  <testcase name="TC-0004 | Verify sorting options by Price (low to high)" classname="InventoryTests" time="7.131"/>
  <system-out><![CDATA[Loaded environment-specific properties from: /testdata/dev/config.properties
]]></system-out>
  <system-err><![CDATA[Mar 10, 2025 6:30:42 PM org.openqa.selenium.devtools.CdpVersionFinder findNearestMatch
WARNING: Unable to find an exact match for CDP version 134, returning the closest version; found: 132; Please update to a Selenium version that supports CDP version 134
Mar 10, 2025 6:30:42 PM org.openqa.selenium.devtools.CdpVersionFinder findNearestMatch
WARNING: Unable to find an exact match for CDP version 134, returning the closest version; found: 132; Please update to a Selenium version that supports CDP version 134
Mar 10, 2025 6:30:42 PM org.openqa.selenium.devtools.CdpVersionFinder findNearestMatch
WARNING: Unable to find an exact match for CDP version 134, returning the closest version; found: 132; Please update to a Selenium version that supports CDP version 134
Mar 10, 2025 6:30:42 PM org.openqa.selenium.devtools.CdpVersionFinder findNearestMatch
WARNING: Unable to find an exact match for CDP version 134, returning the closest version; found: 132; Please update to a Selenium version that supports CDP version 134
]]></system-err>
</testsuite>
