<?xml version="1.0" encoding="UTF-8"?>
<testsuite name="Pet Store API Tests" tests="5" skipped="0" failures="1" errors="0" timestamp="2025-03-10T21:30:40" hostname="pconde.local" time="7.011">
  <properties/>
  <testcase name="TC-0009 | API -POST - Create Pet" classname="PetStoreApiTest" time="2.753"/>
  <testcase name="TC-0010 | GET - Find Available Pets" classname="PetStoreApiTest" time="1.724"/>
  <testcase name="TC-0011 | GET - Get Pet By ID" classname="PetStoreApiTest" time="0.798"/>
  <testcase name="TcC-0012 |PUT - Update Pet Status" classname="PetStoreApiTest" time="0.895"/>
  <testcase name="TC-0013 | DELETE - Remove Pet" classname="PetStoreApiTest" time="0.776">
    <failure message="java.lang.AssertionError: 1 expectation failed.&#10;Expected status code &lt;200&gt; but was &lt;404&gt;.&#10;" type="java.lang.AssertionError">java.lang.AssertionError: 1 expectation failed.
Expected status code &lt;200&gt; but was &lt;404&gt;.

	at java.base/jdk.internal.reflect.DirectConstructorHandleAccessor.newInstance(DirectConstructorHandleAccessor.java:62)
	at java.base/java.lang.reflect.Constructor.newInstanceWithCaller(Constructor.java:501)
	at java.base/java.lang.reflect.Constructor.newInstance(Constructor.java:485)
	at org.codehaus.groovy.reflection.CachedConstructor.invoke(CachedConstructor.java:73)
	at org.codehaus.groovy.runtime.callsite.ConstructorSite$ConstructorSiteNoUnwrapNoCoerce.callConstructor(ConstructorSite.java:108)
	at org.codehaus.groovy.runtime.callsite.CallSiteArray.defaultCallConstructor(CallSiteArray.java:57)
	at org.codehaus.groovy.runtime.callsite.AbstractCallSite.callConstructor(AbstractCallSite.java:263)
	at org.codehaus.groovy.runtime.callsite.AbstractCallSite.callConstructor(AbstractCallSite.java:277)
	at io.restassured.internal.ResponseSpecificationImpl$HamcrestAssertionClosure.validate(ResponseSpecificationImpl.groovy:512)
	at io.restassured.internal.ResponseSpecificationImpl$HamcrestAssertionClosure$validate$1.call(Unknown Source)
	at io.restassured.internal.ResponseSpecificationImpl.validateResponseIfRequired(ResponseSpecificationImpl.groovy:696)
	at io.restassured.internal.ResponseSpecificationImpl.this$2$validateResponseIfRequired(ResponseSpecificationImpl.groovy)
	at java.base/jdk.internal.reflect.DirectMethodHandleAccessor.invoke(DirectMethodHandleAccessor.java:103)
	at java.base/java.lang.reflect.Method.invoke(Method.java:580)
	at org.codehaus.groovy.runtime.callsite.PlainObjectMetaMethodSite.doInvoke(PlainObjectMetaMethodSite.java:43)
	at org.codehaus.groovy.runtime.callsite.PogoMetaMethodSite$PogoCachedMethodSiteNoUnwrapNoCoerce.invoke(PogoMetaMethodSite.java:198)
	at org.codehaus.groovy.runtime.callsite.PogoMetaMethodSite.callCurrent(PogoMetaMethodSite.java:62)
	at org.codehaus.groovy.runtime.callsite.AbstractCallSite.callCurrent(AbstractCallSite.java:185)
	at io.restassured.internal.ResponseSpecificationImpl.statusCode(ResponseSpecificationImpl.groovy:135)
	at io.restassured.specification.ResponseSpecification$statusCode$0.callCurrent(Unknown Source)
	at io.restassured.internal.ResponseSpecificationImpl.statusCode(ResponseSpecificationImpl.groovy:143)
	at io.restassured.internal.ValidatableResponseOptionsImpl.statusCode(ValidatableResponseOptionsImpl.java:89)
	at PetStoreApiTest.deletePet(PetStoreApiTest.java:116)
	at java.base/java.lang.reflect.Method.invoke(Method.java:580)
	at java.base/java.util.concurrent.RecursiveAction.exec(RecursiveAction.java:194)
	at java.base/java.util.concurrent.ForkJoinTask.doExec(ForkJoinTask.java:507)
	at java.base/java.util.concurrent.ForkJoinPool$WorkQueue.topLevelExec(ForkJoinPool.java:1460)
	at java.base/java.util.concurrent.ForkJoinPool.runWorker(ForkJoinPool.java:2036)
	at java.base/java.util.concurrent.ForkJoinWorkerThread.run(ForkJoinWorkerThread.java:189)
</failure>
  </testcase>
  <system-out><![CDATA[Loaded environment-specific properties from: /testdata/dev/config.properties
No environment-specific JSON found for environment dev, using global defaults.
Available pets: [9223372036854775132, 9223372036854775133, 9223372036854775134, 9223372036854775135, 9223372036854775137, 9223372036854775138, 9223372036854775139, 9223372036854775140, 9223372036854775141, 9223372036854775142, 9223372036854775143, 9223372036854775144, 9223372036854775145, 9223372036854775146, 9223372036854775147, 9223372036854775148, 9223372036854775149, 9223372036854775150, 9223372036854775151, 9223372036854775152, 9223372036854775153, 9223372036854775154, 9223372036854775156, 9223372036854775157, 9223372036854775158, 9223372036854775159, 9223372036854775160, 9223372036854775161, 9223372036854775162, 9223372036854775163, 9223372036854775164, 9223372036854775165, 9223372036854775166, 9223372036854775167, 9223372036854775168, 9223372036854775169, 9223372036854775170, 9223372036854775171, 9223372036854775172, 9223372036854775173, 9223372036854775174, 9223372036854775175, 9223372036854775176, 9223372036854775177, 9223372036854775178, 9223372036854775179, 9223372036854775180, 9223372036854775181, 9223372036854775182, 9223372036854775183, 9223372036854775184, 9223372036854775185, 9223372036854775186, 9223372036854775187, 9223372036854775188, 9223372036854775189, 9223372036854775190, 9223372036854775191, 9223372036854775192, 9223372036854775193, 9223372036854775194, 9223372036854775195, 9223372036854775196, 9223372036854775197, 9223372036854775198, 9223372036854775199, 9223372036854775200, 9223372036854775201, 9223372036854775202, 9223372036854775203, 9223372036854775204, 9223372036854775205, 9223372036854775206, 9223372036854775207, 9223372036854775208, 9223372036854775209, 9223372036854775210, 9223372036854775211, 9223372036854775212, 9223372036854775213, 9223372036854775214, 9223372036854775215, 9223372036854775216, 9223372036854775217, 9223372036854775218, 9223372036854775219, 9223372036854775220, 9223372036854775221, 9223372036854775222, 9223372036854775223, 9223372036854775224, 9223372036854775225, 9223372036854775226, 9223372036854775227, 9223372036854775228, 9223372036854775229, 9223372036854775230, 9223372036854775231, 9223372036854775232, 9223372036854775233, 9223372036854775234, 9223372036854775235, 9223372036854775236, 9223372036854775237, 9223372036854775238, 9223372036854775239, 9223372036854775240, 9223372036854775241, 9223372036854775242, 9223372036854775243, 9223372036854775244, 9223372036854775245, 9223372036854775246, 9223372036854775247, 9223372036854775248, 9223372036854775249, 9223372036854775250, 9223372036854775251, 9223372036854775252, 9223372036854775253, 9223372036854775254, 9223372036854775255, 9223372036854775256, 9223372036854775257, 9223372036854775258, 9223372036854775259, 9223372036854775260, 9223372036854775261, 9223372036854775262, 9223372036854775263, 9223372036854775264, 9223372036854775265, 9223372036854775266, 9223372036854775267, 9223372036854775268, 9223372036854775269, 9223372036854775270, 9223372036854775271, 9223372036854775272, 9223372036854775273, 9223372036854775274, 9223372036854775275, 9223372036854775276, 9223372036854775277, 9223372036854775278, 9223372036854775279, 9223372036854775280, 9223372036854775281, 9223372036854775282, 9223372036854775283, 134, 9223372036854775284, 9223372036854775285, 9223372036854775286, 9223372036854775287, 9223372036854775288, 9223372036854775289, 9223372036854775290, 9223372036854775291, 9223372036854775292, 9223372036854775293, 9223372036854775294, 9223372036854775295, 9223372036854775296, 9223372036854775297, 9223372036854775298, 9223372036854775299, 9223372036854775300, 9223372036854775301, 9223372036854775302, 9223372036854775303, 9223372036854775304, 9223372036854775305, 9223372036854775306, 9223372036854775307, 9223372036854775308, 9223372036854775309, 9223372036854775310, 9223372036854775311, 9223372036854775312, 9223372036854775313, 9223372036854775314, 9223372036854775315, 9223372036854775316, 9223372036854775317, 9223372036854775318, 9223372036854775319, 9223372036854775320, 9223372036854775321, 9223372036854775322, 9223372036854775323, 9223372036854775324, 9223372036854775325, 9223372036854775326, 9223372036854775327, 9223372036854775328, 9223372036854775329, 9223372036854775330, 9223372036854775331, 9223372036854775332, 9223372036854775333, 9223372036854775334, 9223372036854775335, 9223372036854775336, 9223372036854775337, 9223372036854775338, 9223372036854775339, 9223372036854775340, 9223372036854775341, 9223372036854775342, 9223372036854775343, 9223372036854775344, 9223372036854775345, 9223372036854775346, 9223372036854775347, 9223372036854775348, 9223372036854775349, 9223372036854775350, 9223372036854775351, 9223372036854775352, 9223372036854775353, 9223372036854775354, 9223372036854775355, 9223372036854775356, 9223372036854775357, 9223372036854775358, 9223372036854775359, 9223372036854775360, 9223372036854775361, 9223372036854775362, 9223372036854775363, 9223372036854775364, 9223372036854775365, 9223372036854775366, 9223372036854775367, 9223372036854775368, 9223372036854775369, 9223372036854775370, 9223372036854775371, 9223372036854775372, 9223372036854775373, 9223372036854775374, 9223372036854775375, 9223372036854775376, 9223372036854775377, 9223372036854775378, 9223372036854775379, 9223372036854775380, 9223372036854775381, 9223372036854775382, 9223372036854775383, 9223372036854775384, 9223372036854775385, 9223372036854775386, 9223372036854775387, 9223372036854775388, 9223372036854775389, 9223372036854775390, 9223372036854775391, 9223372036854775392, 9223372036854775393, 9223372036854775394, 9223372036854775395, 9223372036854775396, 9223372036854775397, 9223372036854775398, 9223372036854775399, 9223372036854775400, 9223372036854775401, 9223372036854775402, 9223372036854775403, 9223372036854775404, 9223372036854775405, 9223372036854775406, 9223372036854775407, 9223372036854775408, 9223372036854775409, 9223372036854775410, 9223372036854775411, 9223372036854775412, 9223372036854775413, 9223372036854775414, 9223372036854775415, 9223372036854775416, 9223372036854775417, 9223372036854775418, 9223372036854775419, 9223372036854775420, 9223372036854775421, 9223372036854775422, 9223372036854775423, 9223372036854775424, 9223372036854775425, 9223372036854775426, 9223372036854775427, 9223372036854775428, 9223372036854775429, 9223372036854775430, 9223372036854775431, 9223372036854775432, 9223372036854775433, 9223372036854775434, 9223372036854775435, 9223372036854775436, 9223372036854775437, 9223372036854775438, 9223372036854775439, 9223372036854775440, 9223372036854775441, 9223372036854775442, 9223372036854775443, 9223372036854775444, 9223372036854775445, 9223372036854775446, 9223372036854775447, 9223372036854775448, 9223372036854775449, 9223372036854775450, 9223372036854775451, 9223372036854775452, 9223372036854775453, 9223372036854775454, 9223372036854775455, 9223372036854775456, 9223372036854775457, 9223372036854775458, 9223372036854775459, 9223372036854775460, 9223372036854775461, 9223372036854775462, 9223372036854775463, 9223372036854775464, 9223372036854775465, 9223372036854775466, 9223372036854775467, 9223372036854775468, 9223372036854775469, 9223372036854775470, 9223372036854775471, 9223372036854775472, 9223372036854775473, 9223372036854775474, 9223372036854775475, 9223372036854775476, 9223372036854775477, 9223372036854775478, 9223372036854775479, 9223372036854775480, 9223372036854775481, 9223372036854775482, 9223372036854775483, 9223372036854775484, 9223372036854775485, 9223372036854775486, 9223372036854775487, 9223372036854775488, 9223372036854775489, 9223372036854775490, 9223372036854775491, 9223372036854775492, 9223372036854775493, 9223372036854775494, 9223372036854775495, 9223372036854775496, 9223372036854775497, 9223372036854775498, 9223372036854775499, 9223372036854775500, 9223372036854775501, 9223372036854775502, 9223372036854775503, 9223372036854775504, 9223372036854775505, 9223372036854775506, 9223372036854775507, 9223372036854775508, 9223372036854775509, 9223372036854775510, 9223372036854775511, 9223372036854775512, 9223372036854775513, 9223372036854775514, 9223372036854775515, 9223372036854775516, 9223372036854775517, 9223372036854775518, 9223372036854775519, 9223372036854775520, 9223372036854775521, 9223372036854775522, 9223372036854775523, 9223372036854775524, 9223372036854775525, 9223372036854775526, 9223372036854775527, 9223372036854775528, 9223372036854775529, 9223372036854775530, 9223372036854775531, 9223372036854775532, 9223372036854775533, 9223372036854775534, 9223372036854775535, 9223372036854775536, 9223372036854775537, 9223372036854775538, 9223372036854775539, 9223372036854775540, 9223372036854775541, 9223372036854775542, 9223372036854775543, 9223372036854775544, 9223372036854775545, 9223372036854775546, 9223372036854775547, 9223372036854775548, 9223372036854775549, 9223372036854775550, 9223372036854775551, 9223372036854775552, 9223372036854775553, 9223372036854775554, 9223372036854775555, 9223372036854775556, 9223372036854775557, 9223372036854775558, 9223372036854775559, 9223372036854775560, 9223372036854775561, 9223372036854775562, 9223372036854775563, 9223372036854775564, 9223372036854775565, 9223372036854775566, 9223372036854775567, 9223372036854775568, 9223372036854775569, 9223372036854775570, 9223372036854775571, 9223372036854775572, 9223372036854775573, 9223372036854775574, 9223372036854775575, 9223372036854775576, 9223372036854775577, 9223372036854775578, 9223372036854775579, 9223372036854775580, 9223372036854775581, 9223372036854775582, 9223372036854775583, 9223372036854775584, 9223372036854775585, 9223372036854775586, 9223372036854775587, 9223372036854775588, 9223372036854775589, 9223372036854775590, 9223372036854775591, 9223372036854775592, 9223372036854775593, 9223372036854775594, 9223372036854775595, 9223372036854775596, 9223372036854775597, 9223372036854775598, 9223372036854775599, 9223372036854775600, 9223372036854775601, 9223372036854775602, 9223372036854775603, 9223372036854775604, 9223372036854775605, 9223372036854775606, 9223372036854775607, 9223372036854775608, 9223372036854775609, 9223372036854775610, 9223372036854775611, 9223372036854775612, 9223372036854775613, 9223372036854775614, 9223372036854775615, 9223372036854775616, 9223372036854775617, 9223372036854775618, 9223372036854775619, 9223372036854775620, 9223372036854775621, 9223372036854775622, 9223372036854775623, 9223372036854775624, 9223372036854775625, 9223372036854775626, 9223372036854775627, 9223372036854775628, 9223372036854775629, 9223372036854775630, 9223372036854775631, 9223372036854775632, 9223372036854775633, 9223372036854775634, 9223372036854775635, 9223372036854775636, 9223372036854775637, 9223372036854775638, 9223372036854775639, 9223372036854775640, 9223372036854775641, 9223372036854775642, 9223372036854775643, 9223372036854775644, 9223372036854775645, 9223372036854775646, 9223372036854775647, 9223372036854775648, 9223372036854775649, 9223372036854775650, 9223372036854775651, 9223372036854775652, 9223372036854775653, 9223372036854775654, 9223372036854775655, 9223372036854775656, 9223372036854775657, 9223372036854775658, 9223372036854775659, 9223372036854775660, 9223372036854775661, 9223372036854775662, 9223372036854775663, 9223372036854775664, 9223372036854775665, 9223372036854775666, 9223372036854775667, 9223372036854775668, 9223372036854775669, 9223372036854775670, 9223372036854775671, 9223372036854775672, 9223372036854775673, 9223372036854775674, 9223372036854775675, 9223372036854775676, 9223372036854775677, 9223372036854775678, 9223372036854775679, 9223372036854775680, 9223372036854775681, 9223372036854775682, 9223372036854775683, 9223372036854775684, 9223372036854775685, 9223372036854775686, 9223372036854775687, 9223372036854775688, 9223372036854775689, 9223372036854775690, 9223372036854775691, 9223372036854775692, 9223372036854775693, 9223372036854775694, 9223372036854775695, 9223372036854775696, 9223372036854775697, 9223372036854775698, 9223372036854775699, 9223372036854775700, 9223372036854775701, 9223372036854775702, 9223372036854775703, 9223372036854775704, 9223372036854775705, 9223372036854775706, 9223372036854775707, 9223372036854775708, 9223372036854775709, 9223372036854775710, 9223372036854775711, 9223372036854775712, 9223372036854775713, 9223372036854775714, 9223372036854775715, 9223372036854775716, 9223372036854775717, 9223372036854775718, 9223372036854775719, 9223372036854775720, 9223372036854775721, 9223372036854775722, 9223372036854775723, 9223372036854775724, 9223372036854775725, 9223372036854775726, 9223372036854775727, 9223372036854775728, 9223372036854775729, 9223372036854775730, 9223372036854775731, 9223372036854775732, 9223372036854775733, 9223372036854775734, 9223372036854775735, 9223372036854775736, 9223372036854775737, 9223372036854775738, 9223372036854775739, 9223372036854775740, 9223372036854775741, 9223372036854775742, 9223372036854775743, 9223372036854775744, 9223372036854775745, 9223372036854775746, 9223372036854775747, 9223372036854775748, 9223372036854775749, 9223372036854775750, 9223372036854775751, 9223372036854775752, 9223372036854775753, 9223372036854775754, 9223372036854775755, 9223372036854775756, 9223372036854775757, 9223372036854775758, 9223372036854775759, 9223372036854775760, 9223372036854775761, 9223372036854775762, 9223372036854775763, 9223372036854775764, 9223372036854775765, 9223372036854775766, 9223372036854775767, 9223372036854775768, 9223372036854775769, 9223372036854775770, 9223372036854775771, 9223372036854775772, 9223372036854775773, 9223372036854775774, 9223372036854775775, 9223372036854775776, 9223372036854775777, 9223372036854775778, 9223372036854775779, 9223372036854775780, 9223372036854775781, 9223372036854775782, 9223372036854775783, 9223372036854775784, 9223372036854775785, 9223372036854775786, 9223372036854775787, 9223372036854775788, 9223372036854775789, 9223372036854775790, 9223372036854775791, 9223372036854775792, 9223372036854775793, 9223372036854775794, 9223372036854775795, 9223372036854775796, 9223372036854775797, 9223372036854775798, 9223372036854775799, 9223372036854775800, 9223372036854775801, 9223372036854775802, 9223372036854775803, 9223372036854775804, 12, 9222968140491042131, 9222968140497180179, 1245, 77777, 24, 111, 9223372016900022352, 174938, 4444, 42181115, 9223372016900017280, 25122021, 100200, 703850, 78, 79, 21474836500, 214748365000, 2147483650000, 214748365000000, 26, 30, 44, 35, 85, 72, 98, 313, 555111222333, 1945, 333344444333333, 4371, 62, 1882, 32, 73, 49, 71, 74, 434238, 18, 99, 4353534534534, 65, 36, 75, 82, 190, 7188, 68, 99999, 99998, 1984, 2828, 613, 4015, 88888, 1804, 112121212121, 831, 972, 950, 12121, 15555, 8629903100653225, 867, 585555, 1001, 25, 344, 500, 1256, 15556, 517, 750, 410, 123334455, 811, 4935316836824912, 12340976512343544, 25622936, 6242544591362734, 68790, 3072021, 100300, 53, 100, 9501812, 198, 3762109, 5352318, 4737074, 884, 5630671, 2321841, 3031860, 45, 4151478, 406, 131, 9223372036854773877, 1756198, 555, 814429, 5757, 4588454, 1308515, 5547069, 15, 1112, 369, 9223372036854774915, 7462823, 112233, 3732551, 8372034, 8143690, 31379760, 5163610, 3164527, 983, 236, 31379769, 2019, 610, 9223372036854775807, 4349773, 352816, 2553, 31379768, 1859, 41579891, 3137976, 31379777, 222, 50, 150, 3787392, 5107345, 8084492, 2130816, 1557760, 9878278, 6970567, 4265738, 70586304435, 6089, 879789789790381, 2334562, 6634806, 9599113, 6666, 44037029, 2, 3382422, 484287, 513, 87876, 9778193, 25012001, 7326032, 123, 3520, 2275156, 2781373, 1015474, 12345]
Retrieving pet with ID: 9223372036854775132
Deleting pet with ID: 9223372036854775132
]]></system-out>
  <system-err><![CDATA[]]></system-err>
</testsuite>
