<?xml version="1.0" encoding="UTF-8"?>
<testsuite name="Login Tests" tests="3" skipped="0" failures="0" errors="0" timestamp="2025-03-10T21:30:39" hostname="pconde.local" time="7.683">
  <properties/>
  <testcase name="TC-0003 | Verify locked-out user" classname="LoginTests" time="3.966"/>
  <testcase name="TC-0001 | Verify login" classname="LoginTests" time="5.501"/>
  <testcase name="TC-0002 | Verify invalid login" classname="LoginTests" time="7.683"/>
  <system-out><![CDATA[Loaded environment-specific properties from: /testdata/dev/config.properties
]]></system-out>
  <system-err><![CDATA[Mar 10, 2025 6:30:42 PM org.openqa.selenium.devtools.CdpVersionFinder findNearestMatch
WARNING: Unable to find an exact match for CDP version 134, returning the closest version; found: 132; Please update to a Selenium version that supports CDP version 134
Mar 10, 2025 6:30:42 PM org.openqa.selenium.devtools.CdpVersionFinder findNearestMatch
WARNING: Unable to find an exact match for CDP version 134, returning the closest version; found: 132; Please update to a Selenium version that supports CDP version 134
Mar 10, 2025 6:30:47 PM org.openqa.selenium.devtools.CdpVersionFinder findNearestMatch
WARNING: Unable to find an exact match for CDP version 134, returning the closest version; found: 132; Please update to a Selenium version that supports CDP version 134
]]></system-err>
</testsuite>
