<?xml version="1.0" encoding="UTF-8"?>
<testsuite name="Cart Tests" tests="1" skipped="0" failures="0" errors="0" timestamp="2025-03-10T21:30:40" hostname="pconde.local" time="6.82">
  <properties/>
  <testcase name="TC-0014 | Verify that specific products are present in the cart" classname="CartTests" time="6.82"/>
  <system-out><![CDATA[Loaded environment-specific properties from: /testdata/dev/config.properties
Global JSON for 'products.json' NOT found, initializing with empty data.
]]></system-out>
  <system-err><![CDATA[Mar 10, 2025 6:30:42 PM org.openqa.selenium.devtools.CdpVersionFinder findNearestMatch
WARNING: Unable to find an exact match for CDP version 134, returning the closest version; found: 132; Please update to a Selenium version that supports CDP version 134
]]></system-err>
</testsuite>
